<?xml version="1.0" encoding="UTF-8"?>
<!-- Generated by org.testng.reporters.JUnitReportReporter -->
<testsuite hostname="krs" failures="0" tests="3" name="testSuite.Lead_opsRun" time="85.774" errors="0" timestamp="26 Jul 2021 11:41:24 GMT" skipped="0">
  <testcase classname="testSuite.Lead_opsRun" name="runScenario" time="31.401"/>
  <testcase classname="testSuite.Lead_opsRun" name="runScenario" time="11.480"/>
  <testcase classname="testSuite.Lead_opsRun" name="runScenario" time="42.893"/>
</testsuite> <!-- testSuite.Lead_opsRun -->
