<?xml version="1.0" encoding="UTF-8"?>
<!-- Generated by org.testng.reporters.JUnitReportReporter -->
<testsuite hostname="krs" failures="0" tests="1" name="testSuite.Login_Run" time="25.583" errors="0" timestamp="26 Jul 2021 11:41:24 GMT" skipped="0">
  <testcase classname="testSuite.Login_Run" name="runScenario" time="25.583"/>
</testsuite> <!-- testSuite.Login_Run -->
