<?xml version="1.0" encoding="UTF-8"?>
<!-- Generated by org.testng.reporters.JUnitReportReporter -->
<testsuite hostname="krs" failures="0" tests="5" name="testSuite.Lead_Run" time="96.333" errors="0" timestamp="26 Jul 2021 11:41:24 GMT" skipped="0">
  <testcase classname="testSuite.Lead_Run" name="runScenario" time="31.531"/>
  <testcase classname="testSuite.Lead_Run" name="runScenario" time="46.814"/>
  <testcase classname="testSuite.Lead_Run" name="runScenario" time="3.385"/>
  <testcase classname="testSuite.Lead_Run" name="runScenario" time="5.878"/>
  <testcase classname="testSuite.Lead_Run" name="runScenario" time="8.725"/>
</testsuite> <!-- testSuite.Lead_Run -->
